{"/Users/chrish/Desktop/RPT21/rpt21-mini-apps-2/challenge_1/client/src/components/Title.jsx": {"path":"/Users/chrish/Desktop/RPT21/rpt21-mini-apps-2/challenge_1/client/src/components/Title.jsx","statementMap":{"0":{"start":{"line":4,"column":14},"end":{"line":10,"column":1}},"1":{"start":{"line":5,"column":2},"end":{"line":9,"column":4}}},"fnMap":{"0":{"name":"(anonymous_0)","decl":{"start":{"line":4,"column":14},"end":{"line":4,"column":15}},"loc":{"start":{"line":4,"column":25},"end":{"line":10,"column":1}},"line":4}},"branchMap":{},"s":{"0":1,"1":6},"f":{"0":6},"b":{},"_coverageSchema":"1a1c01bbd47fc00a2c39e90264f33305004495a9","hash":"482fd3b35d51a69e9311a6999155b3dfda5c4c87"}
,"/Users/chrish/Desktop/RPT21/rpt21-mini-apps-2/challenge_1/client/src/components/App/App.css.js": {"path":"/Users/chrish/Desktop/RPT21/rpt21-mini-apps-2/challenge_1/client/src/components/App/App.css.js","statementMap":{"0":{"start":{"line":4,"column":27},"end":{"line":76,"column":1}},"1":{"start":{"line":78,"column":32},"end":{"line":87,"column":1}},"2":{"start":{"line":89,"column":28},"end":{"line":93,"column":1}}},"fnMap":{},"branchMap":{},"s":{"0":1,"1":1,"2":1},"f":{},"b":{},"_coverageSchema":"1a1c01bbd47fc00a2c39e90264f33305004495a9","hash":"253d6a25b5dfc583d99fe34b0eedadebd963ecd6"}
,"/Users/chrish/Desktop/RPT21/rpt21-mini-apps-2/challenge_1/client/src/components/App/App.jsx": {"path":"/Users/chrish/Desktop/RPT21/rpt21-mini-apps-2/challenge_1/client/src/components/App/App.jsx","statementMap":{"0":{"start":{"line":11,"column":21},"end":{"line":19,"column":1}},"1":{"start":{"line":22,"column":4},"end":{"line":22,"column":17}},"2":{"start":{"line":23,"column":4},"end":{"line":23,"column":30}},"3":{"start":{"line":24,"column":4},"end":{"line":24,"column":53}},"4":{"start":{"line":25,"column":4},"end":{"line":25,"column":49}},"5":{"start":{"line":26,"column":4},"end":{"line":26,"column":49}},"6":{"start":{"line":27,"column":4},"end":{"line":27,"column":45}},"7":{"start":{"line":28,"column":4},"end":{"line":28,"column":47}},"8":{"start":{"line":32,"column":19},"end":{"line":32,"column":60}},"9":{"start":{"line":34,"column":4},"end":{"line":55,"column":5}},"10":{"start":{"line":35,"column":6},"end":{"line":54,"column":11}},"11":{"start":{"line":38,"column":26},"end":{"line":38,"column":50}},"12":{"start":{"line":40,"column":10},"end":{"line":46,"column":13}},"13":{"start":{"line":49,"column":10},"end":{"line":53,"column":11}},"14":{"start":{"line":50,"column":12},"end":{"line":50,"column":44}},"15":{"start":{"line":52,"column":12},"end":{"line":52,"column":43}},"16":{"start":{"line":59,"column":4},"end":{"line":59,"column":49}},"17":{"start":{"line":61,"column":4},"end":{"line":69,"column":9}},"18":{"start":{"line":64,"column":8},"end":{"line":64,"column":49}},"19":{"start":{"line":65,"column":8},"end":{"line":65,"column":40}},"20":{"start":{"line":68,"column":8},"end":{"line":68,"column":39}},"21":{"start":{"line":73,"column":4},"end":{"line":77,"column":5}},"22":{"start":{"line":74,"column":6},"end":{"line":76,"column":72}},"23":{"start":{"line":75,"column":8},"end":{"line":75,"column":50}},"24":{"start":{"line":81,"column":4},"end":{"line":83,"column":7}},"25":{"start":{"line":82,"column":6},"end":{"line":82,"column":40}},"26":{"start":{"line":87,"column":4},"end":{"line":87,"column":25}},"27":{"start":{"line":91,"column":23},"end":{"line":93,"column":6}},"28":{"start":{"line":92,"column":6},"end":{"line":92,"column":38}},"29":{"start":{"line":95,"column":4},"end":{"line":142,"column":6}}},"fnMap":{"0":{"name":"(anonymous_0)","decl":{"start":{"line":21,"column":2},"end":{"line":21,"column":3}},"loc":{"start":{"line":21,"column":21},"end":{"line":29,"column":3}},"line":21},"1":{"name":"(anonymous_1)","decl":{"start":{"line":31,"column":2},"end":{"line":31,"column":3}},"loc":{"start":{"line":31,"column":32},"end":{"line":56,"column":3}},"line":31},"2":{"name":"(anonymous_2)","decl":{"start":{"line":37,"column":14},"end":{"line":37,"column":15}},"loc":{"start":{"line":37,"column":28},"end":{"line":47,"column":9}},"line":37},"3":{"name":"(anonymous_3)","decl":{"start":{"line":48,"column":15},"end":{"line":48,"column":16}},"loc":{"start":{"line":48,"column":24},"end":{"line":54,"column":9}},"line":48},"4":{"name":"(anonymous_4)","decl":{"start":{"line":58,"column":2},"end":{"line":58,"column":3}},"loc":{"start":{"line":58,"column":18},"end":{"line":70,"column":3}},"line":58},"5":{"name":"(anonymous_5)","decl":{"start":{"line":63,"column":12},"end":{"line":63,"column":13}},"loc":{"start":{"line":63,"column":26},"end":{"line":66,"column":7}},"line":63},"6":{"name":"(anonymous_6)","decl":{"start":{"line":67,"column":13},"end":{"line":67,"column":14}},"loc":{"start":{"line":67,"column":22},"end":{"line":69,"column":7}},"line":67},"7":{"name":"(anonymous_7)","decl":{"start":{"line":72,"column":2},"end":{"line":72,"column":3}},"loc":{"start":{"line":72,"column":19},"end":{"line":78,"column":3}},"line":72},"8":{"name":"(anonymous_8)","decl":{"start":{"line":74,"column":20},"end":{"line":74,"column":21}},"loc":{"start":{"line":74,"column":46},"end":{"line":76,"column":7}},"line":74},"9":{"name":"(anonymous_9)","decl":{"start":{"line":80,"column":2},"end":{"line":80,"column":3}},"loc":{"start":{"line":80,"column":16},"end":{"line":84,"column":3}},"line":80},"10":{"name":"(anonymous_10)","decl":{"start":{"line":81,"column":18},"end":{"line":81,"column":19}},"loc":{"start":{"line":81,"column":34},"end":{"line":83,"column":5}},"line":81},"11":{"name":"(anonymous_11)","decl":{"start":{"line":86,"column":2},"end":{"line":86,"column":3}},"loc":{"start":{"line":86,"column":17},"end":{"line":88,"column":3}},"line":86},"12":{"name":"(anonymous_12)","decl":{"start":{"line":90,"column":2},"end":{"line":90,"column":3}},"loc":{"start":{"line":90,"column":11},"end":{"line":143,"column":3}},"line":90},"13":{"name":"(anonymous_13)","decl":{"start":{"line":91,"column":45},"end":{"line":91,"column":46}},"loc":{"start":{"line":91,"column":56},"end":{"line":93,"column":5}},"line":91}},"branchMap":{"0":{"loc":{"start":{"line":31,"column":22},"end":{"line":31,"column":30}},"type":"default-arg","locations":[{"start":{"line":31,"column":29},"end":{"line":31,"column":30}}],"line":31},"1":{"loc":{"start":{"line":34,"column":4},"end":{"line":55,"column":5}},"type":"if","locations":[{"start":{"line":34,"column":4},"end":{"line":55,"column":5}},{"start":{"line":34,"column":4},"end":{"line":55,"column":5}}],"line":34},"2":{"loc":{"start":{"line":49,"column":10},"end":{"line":53,"column":11}},"type":"if","locations":[{"start":{"line":49,"column":10},"end":{"line":53,"column":11}},{"start":{"line":49,"column":10},"end":{"line":53,"column":11}}],"line":49},"3":{"loc":{"start":{"line":73,"column":4},"end":{"line":77,"column":5}},"type":"if","locations":[{"start":{"line":73,"column":4},"end":{"line":77,"column":5}},{"start":{"line":73,"column":4},"end":{"line":77,"column":5}}],"line":73},"4":{"loc":{"start":{"line":100,"column":9},"end":{"line":102,"column":9}},"type":"binary-expr","locations":[{"start":{"line":100,"column":9},"end":{"line":100,"column":25}},{"start":{"line":101,"column":10},"end":{"line":101,"column":70}}],"line":100},"5":{"loc":{"start":{"line":103,"column":9},"end":{"line":111,"column":9}},"type":"binary-expr","locations":[{"start":{"line":103,"column":9},"end":{"line":103,"column":24}},{"start":{"line":104,"column":10},"end":{"line":110,"column":12}}],"line":103},"6":{"loc":{"start":{"line":112,"column":9},"end":{"line":120,"column":9}},"type":"binary-expr","locations":[{"start":{"line":112,"column":9},"end":{"line":112,"column":25}},{"start":{"line":113,"column":10},"end":{"line":119,"column":12}}],"line":112},"7":{"loc":{"start":{"line":122,"column":11},"end":{"line":139,"column":11}},"type":"binary-expr","locations":[{"start":{"line":122,"column":11},"end":{"line":122,"column":39}},{"start":{"line":123,"column":12},"end":{"line":138,"column":14}}],"line":122}},"s":{"0":1,"1":10,"2":10,"3":10,"4":10,"5":10,"6":10,"7":10,"8":0,"9":0,"10":0,"11":0,"12":0,"13":0,"14":0,"15":0,"16":0,"17":0,"18":0,"19":0,"20":0,"21":0,"22":0,"23":0,"24":0,"25":0,"26":0,"27":13,"28":3,"29":13},"f":{"0":10,"1":0,"2":0,"3":0,"4":0,"5":0,"6":0,"7":0,"8":0,"9":0,"10":0,"11":0,"12":13,"13":3},"b":{"0":[0],"1":[0,0],"2":[0,0],"3":[0,0],"4":[13,0],"5":[13,2],"6":[13,11],"7":[13,1]},"_coverageSchema":"1a1c01bbd47fc00a2c39e90264f33305004495a9","hash":"c5e26ae5c0dc6b610a73fd1ad621a77684869965"}
,"/Users/chrish/Desktop/RPT21/rpt21-mini-apps-2/challenge_1/client/src/components/Edit/Edit.css.js": {"path":"/Users/chrish/Desktop/RPT21/rpt21-mini-apps-2/challenge_1/client/src/components/Edit/Edit.css.js","statementMap":{"0":{"start":{"line":3,"column":30},"end":{"line":9,"column":1}},"1":{"start":{"line":11,"column":34},"end":{"line":16,"column":1}},"2":{"start":{"line":18,"column":31},"end":{"line":25,"column":1}},"3":{"start":{"line":27,"column":30},"end":{"line":37,"column":1}}},"fnMap":{},"branchMap":{},"s":{"0":2,"1":2,"2":2,"3":2},"f":{},"b":{},"_coverageSchema":"1a1c01bbd47fc00a2c39e90264f33305004495a9","hash":"850ed531584e4560275a3f81a530b12537a8c73d"}
,"/Users/chrish/Desktop/RPT21/rpt21-mini-apps-2/challenge_1/client/src/components/Edit/Edit.jsx": {"path":"/Users/chrish/Desktop/RPT21/rpt21-mini-apps-2/challenge_1/client/src/components/Edit/Edit.jsx","statementMap":{"0":{"start":{"line":14,"column":4},"end":{"line":14,"column":17}},"1":{"start":{"line":15,"column":4},"end":{"line":17,"column":6}},"2":{"start":{"line":18,"column":4},"end":{"line":18,"column":53}},"3":{"start":{"line":19,"column":4},"end":{"line":19,"column":53}},"4":{"start":{"line":23,"column":4},"end":{"line":23,"column":23}},"5":{"start":{"line":25,"column":4},"end":{"line":25,"column":39}},"6":{"start":{"line":29,"column":4},"end":{"line":29,"column":22}},"7":{"start":{"line":30,"column":15},"end":{"line":30,"column":28}},"8":{"start":{"line":31,"column":20},"end":{"line":31,"column":43}},"9":{"start":{"line":32,"column":16},"end":{"line":32,"column":30}},"10":{"start":{"line":33,"column":19},"end":{"line":33,"column":47}},"11":{"start":{"line":34,"column":4},"end":{"line":34,"column":33}},"12":{"start":{"line":36,"column":19},"end":{"line":41,"column":6}},"13":{"start":{"line":37,"column":6},"end":{"line":39,"column":7}},"14":{"start":{"line":38,"column":8},"end":{"line":38,"column":24}},"15":{"start":{"line":40,"column":6},"end":{"line":40,"column":19}},"16":{"start":{"line":42,"column":4},"end":{"line":42,"column":40}},"17":{"start":{"line":46,"column":4},"end":{"line":48,"column":7}},"18":{"start":{"line":52,"column":23},"end":{"line":52,"column":48}},"19":{"start":{"line":53,"column":19},"end":{"line":74,"column":6}},"20":{"start":{"line":54,"column":6},"end":{"line":73,"column":8}},"21":{"start":{"line":75,"column":4},"end":{"line":82,"column":6}},"22":{"start":{"line":86,"column":0},"end":{"line":90,"column":2}}},"fnMap":{"0":{"name":"(anonymous_0)","decl":{"start":{"line":13,"column":2},"end":{"line":13,"column":3}},"loc":{"start":{"line":13,"column":21},"end":{"line":20,"column":3}},"line":13},"1":{"name":"(anonymous_1)","decl":{"start":{"line":22,"column":2},"end":{"line":22,"column":3}},"loc":{"start":{"line":22,"column":18},"end":{"line":26,"column":3}},"line":22},"2":{"name":"(anonymous_2)","decl":{"start":{"line":28,"column":2},"end":{"line":28,"column":3}},"loc":{"start":{"line":28,"column":18},"end":{"line":43,"column":3}},"line":28},"3":{"name":"(anonymous_3)","decl":{"start":{"line":36,"column":41},"end":{"line":36,"column":42}},"loc":{"start":{"line":36,"column":59},"end":{"line":41,"column":5}},"line":36},"4":{"name":"(anonymous_4)","decl":{"start":{"line":45,"column":2},"end":{"line":45,"column":3}},"loc":{"start":{"line":45,"column":22},"end":{"line":49,"column":3}},"line":45},"5":{"name":"(anonymous_5)","decl":{"start":{"line":51,"column":2},"end":{"line":51,"column":3}},"loc":{"start":{"line":51,"column":11},"end":{"line":83,"column":3}},"line":51},"6":{"name":"(anonymous_6)","decl":{"start":{"line":53,"column":34},"end":{"line":53,"column":35}},"loc":{"start":{"line":53,"column":52},"end":{"line":74,"column":5}},"line":53}},"branchMap":{"0":{"loc":{"start":{"line":37,"column":6},"end":{"line":39,"column":7}},"type":"if","locations":[{"start":{"line":37,"column":6},"end":{"line":39,"column":7}},{"start":{"line":37,"column":6},"end":{"line":39,"column":7}}],"line":37}},"s":{"0":2,"1":2,"2":2,"3":2,"4":0,"5":0,"6":0,"7":0,"8":0,"9":0,"10":0,"11":0,"12":0,"13":0,"14":0,"15":0,"16":0,"17":2,"18":4,"19":4,"20":0,"21":4,"22":2},"f":{"0":2,"1":0,"2":0,"3":0,"4":2,"5":4,"6":0},"b":{"0":[0,0]},"_coverageSchema":"1a1c01bbd47fc00a2c39e90264f33305004495a9","hash":"7bc0ab4c45458d4712191a092b79f1f3cbcabe0f"}
,"/Users/chrish/Desktop/RPT21/rpt21-mini-apps-2/challenge_1/client/src/components/List/List.css.js": {"path":"/Users/chrish/Desktop/RPT21/rpt21-mini-apps-2/challenge_1/client/src/components/List/List.css.js","statementMap":{"0":{"start":{"line":4,"column":26},"end":{"line":11,"column":1}},"1":{"start":{"line":13,"column":28},"end":{"line":16,"column":1}},"2":{"start":{"line":18,"column":37},"end":{"line":20,"column":1}},"3":{"start":{"line":22,"column":30},"end":{"line":34,"column":1}},"4":{"start":{"line":36,"column":29},"end":{"line":41,"column":1}},"5":{"start":{"line":43,"column":32},"end":{"line":64,"column":1}}},"fnMap":{},"branchMap":{},"s":{"0":3,"1":3,"2":3,"3":3,"4":3,"5":3},"f":{},"b":{},"_coverageSchema":"1a1c01bbd47fc00a2c39e90264f33305004495a9","hash":"e2ca3f95ac5b874a76ab775156db1fc3763c1aad"}
,"/Users/chrish/Desktop/RPT21/rpt21-mini-apps-2/challenge_1/client/src/components/List/List.jsx": {"path":"/Users/chrish/Desktop/RPT21/rpt21-mini-apps-2/challenge_1/client/src/components/List/List.jsx","statementMap":{"0":{"start":{"line":14,"column":13},"end":{"line":36,"column":1}},"1":{"start":{"line":15,"column":17},"end":{"line":22,"column":4}},"2":{"start":{"line":16,"column":4},"end":{"line":21,"column":6}},"3":{"start":{"line":23,"column":2},"end":{"line":35,"column":4}},"4":{"start":{"line":28,"column":44},"end":{"line":28,"column":57}},"5":{"start":{"line":38,"column":0},"end":{"line":42,"column":2}}},"fnMap":{"0":{"name":"(anonymous_0)","decl":{"start":{"line":14,"column":13},"end":{"line":14,"column":14}},"loc":{"start":{"line":14,"column":24},"end":{"line":36,"column":1}},"line":14},"1":{"name":"(anonymous_1)","decl":{"start":{"line":15,"column":37},"end":{"line":15,"column":38}},"loc":{"start":{"line":15,"column":55},"end":{"line":22,"column":3}},"line":15},"2":{"name":"(anonymous_2)","decl":{"start":{"line":28,"column":37},"end":{"line":28,"column":38}},"loc":{"start":{"line":28,"column":44},"end":{"line":28,"column":57}},"line":28}},"branchMap":{"0":{"loc":{"start":{"line":25,"column":7},"end":{"line":32,"column":7}},"type":"binary-expr","locations":[{"start":{"line":25,"column":7},"end":{"line":25,"column":36}},{"start":{"line":26,"column":8},"end":{"line":31,"column":24}}],"line":25}},"s":{"0":2,"1":4,"2":3,"3":4,"4":0,"5":2},"f":{"0":4,"1":3,"2":0},"b":{"0":[4,0]},"_coverageSchema":"1a1c01bbd47fc00a2c39e90264f33305004495a9","hash":"e042a78cee4f51e1825b985c5b3de5b8f0c134d2"}
,"/Users/chrish/Desktop/RPT21/rpt21-mini-apps-2/challenge_1/client/src/components/ListItem/ListItem.css.js": {"path":"/Users/chrish/Desktop/RPT21/rpt21-mini-apps-2/challenge_1/client/src/components/ListItem/ListItem.css.js","statementMap":{"0":{"start":{"line":4,"column":30},"end":{"line":10,"column":1}},"1":{"start":{"line":12,"column":28},"end":{"line":14,"column":1}},"2":{"start":{"line":16,"column":34},"end":{"line":19,"column":1}},"3":{"start":{"line":21,"column":27},"end":{"line":27,"column":1}}},"fnMap":{},"branchMap":{},"s":{"0":3,"1":3,"2":3,"3":3},"f":{},"b":{},"_coverageSchema":"1a1c01bbd47fc00a2c39e90264f33305004495a9","hash":"7d8da005345e4265199606423c463a3df7d084af"}
,"/Users/chrish/Desktop/RPT21/rpt21-mini-apps-2/challenge_1/client/src/components/ListItem/ListItem.jsx": {"path":"/Users/chrish/Desktop/RPT21/rpt21-mini-apps-2/challenge_1/client/src/components/ListItem/ListItem.jsx","statementMap":{"0":{"start":{"line":11,"column":17},"end":{"line":20,"column":1}},"1":{"start":{"line":12,"column":2},"end":{"line":19,"column":4}},"2":{"start":{"line":22,"column":0},"end":{"line":24,"column":2}}},"fnMap":{"0":{"name":"(anonymous_0)","decl":{"start":{"line":11,"column":17},"end":{"line":11,"column":18}},"loc":{"start":{"line":11,"column":28},"end":{"line":20,"column":1}},"line":11}},"branchMap":{},"s":{"0":3,"1":4,"2":3},"f":{"0":4},"b":{},"_coverageSchema":"1a1c01bbd47fc00a2c39e90264f33305004495a9","hash":"41df6649a7e129fe63754cec342b4f82089ce637"}
,"/Users/chrish/Desktop/RPT21/rpt21-mini-apps-2/challenge_1/client/src/components/Search/Search.css.js": {"path":"/Users/chrish/Desktop/RPT21/rpt21-mini-apps-2/challenge_1/client/src/components/Search/Search.css.js","statementMap":{"0":{"start":{"line":4,"column":27},"end":{"line":12,"column":1}},"1":{"start":{"line":14,"column":28},"end":{"line":33,"column":1}}},"fnMap":{},"branchMap":{},"s":{"0":2,"1":2},"f":{},"b":{},"_coverageSchema":"1a1c01bbd47fc00a2c39e90264f33305004495a9","hash":"4ae229d0baca549981f2104e1d5e0ea93e8464fa"}
,"/Users/chrish/Desktop/RPT21/rpt21-mini-apps-2/challenge_1/client/src/components/Search/Search.jsx": {"path":"/Users/chrish/Desktop/RPT21/rpt21-mini-apps-2/challenge_1/client/src/components/Search/Search.jsx","statementMap":{"0":{"start":{"line":8,"column":4},"end":{"line":8,"column":17}},"1":{"start":{"line":9,"column":4},"end":{"line":11,"column":6}},"2":{"start":{"line":12,"column":4},"end":{"line":12,"column":45}},"3":{"start":{"line":13,"column":4},"end":{"line":13,"column":53}},"4":{"start":{"line":17,"column":4},"end":{"line":17,"column":50}},"5":{"start":{"line":21,"column":4},"end":{"line":21,"column":23}},"6":{"start":{"line":22,"column":4},"end":{"line":22,"column":46}},"7":{"start":{"line":23,"column":4},"end":{"line":23,"column":38}},"8":{"start":{"line":27,"column":4},"end":{"line":40,"column":6}},"9":{"start":{"line":44,"column":0},"end":{"line":46,"column":2}}},"fnMap":{"0":{"name":"(anonymous_0)","decl":{"start":{"line":7,"column":2},"end":{"line":7,"column":3}},"loc":{"start":{"line":7,"column":21},"end":{"line":14,"column":3}},"line":7},"1":{"name":"(anonymous_1)","decl":{"start":{"line":16,"column":2},"end":{"line":16,"column":3}},"loc":{"start":{"line":16,"column":14},"end":{"line":18,"column":3}},"line":16},"2":{"name":"(anonymous_2)","decl":{"start":{"line":20,"column":2},"end":{"line":20,"column":3}},"loc":{"start":{"line":20,"column":18},"end":{"line":24,"column":3}},"line":20},"3":{"name":"(anonymous_3)","decl":{"start":{"line":26,"column":2},"end":{"line":26,"column":3}},"loc":{"start":{"line":26,"column":11},"end":{"line":41,"column":3}},"line":26}},"branchMap":{},"s":{"0":4,"1":4,"2":4,"3":4,"4":0,"5":0,"6":0,"7":0,"8":7,"9":2},"f":{"0":4,"1":0,"2":0,"3":7},"b":{},"_coverageSchema":"1a1c01bbd47fc00a2c39e90264f33305004495a9","hash":"4f4ef720da66dfa6134ce5147c68b447513f96ed"}
,"/Users/chrish/Desktop/RPT21/rpt21-mini-apps-2/challenge_1/testUtils/utils.js": {"path":"/Users/chrish/Desktop/RPT21/rpt21-mini-apps-2/challenge_1/testUtils/utils.js","statementMap":{"0":{"start":{"line":3,"column":30},"end":{"line":6,"column":1}},"1":{"start":{"line":4,"column":18},"end":{"line":4,"column":57}},"2":{"start":{"line":5,"column":2},"end":{"line":5,"column":17}},"3":{"start":{"line":8,"column":26},"end":{"line":16,"column":1}},"4":{"start":{"line":9,"column":21},"end":{"line":14,"column":3}},"5":{"start":{"line":15,"column":2},"end":{"line":15,"column":20}}},"fnMap":{"0":{"name":"(anonymous_0)","decl":{"start":{"line":3,"column":30},"end":{"line":3,"column":31}},"loc":{"start":{"line":3,"column":51},"end":{"line":6,"column":1}},"line":3},"1":{"name":"(anonymous_1)","decl":{"start":{"line":8,"column":26},"end":{"line":8,"column":27}},"loc":{"start":{"line":8,"column":56},"end":{"line":16,"column":1}},"line":8}},"branchMap":{},"s":{"0":5,"1":3,"2":3,"3":5,"4":4,"5":4},"f":{"0":3,"1":4},"b":{},"_coverageSchema":"1a1c01bbd47fc00a2c39e90264f33305004495a9","hash":"a67a89db9985830d709a6c8071c035dc1271c52b"}
}
