{"/Users/chrish/Desktop/RPT21/rpt21-mini-apps-2/challenge_1/data/data.js": {"path":"/Users/chrish/Desktop/RPT21/rpt21-mini-apps-2/challenge_1/data/data.js","statementMap":{"0":{"start":{"line":1,"column":11},"end":{"line":37862,"column":1}},"1":{"start":{"line":37864,"column":0},"end":{"line":37864,"column":22}}},"fnMap":{},"branchMap":{},"s":{"0":1,"1":1},"f":{},"b":{},"_coverageSchema":"1a1c01bbd47fc00a2c39e90264f33305004495a9","hash":"044679a454e60f84653af2281ea29d2da4cc3234"}
,"/Users/chrish/Desktop/RPT21/rpt21-mini-apps-2/challenge_1/data/mongodb.js": {"path":"/Users/chrish/Desktop/RPT21/rpt21-mini-apps-2/challenge_1/data/mongodb.js","statementMap":{"0":{"start":{"line":1,"column":17},"end":{"line":1,"column":36}},"1":{"start":{"line":2,"column":25},"end":{"line":2,"column":56}},"2":{"start":{"line":3,"column":18},"end":{"line":3,"column":48}},"3":{"start":{"line":4,"column":18},"end":{"line":4,"column":41}},"4":{"start":{"line":6,"column":0},"end":{"line":17,"column":1}},"5":{"start":{"line":7,"column":2},"end":{"line":11,"column":5}},"6":{"start":{"line":8,"column":4},"end":{"line":10,"column":7}},"7":{"start":{"line":9,"column":6},"end":{"line":9,"column":41}},"8":{"start":{"line":13,"column":2},"end":{"line":16,"column":5}},"9":{"start":{"line":19,"column":21},"end":{"line":22,"column":2}},"10":{"start":{"line":23,"column":0},"end":{"line":23,"column":38}},"11":{"start":{"line":25,"column":15},"end":{"line":25,"column":53}},"12":{"start":{"line":27,"column":0},"end":{"line":27,"column":24}}},"fnMap":{"0":{"name":"(anonymous_0)","decl":{"start":{"line":7,"column":34},"end":{"line":7,"column":35}},"loc":{"start":{"line":7,"column":40},"end":{"line":11,"column":3}},"line":7},"1":{"name":"(anonymous_1)","decl":{"start":{"line":8,"column":57},"end":{"line":8,"column":58}},"loc":{"start":{"line":8,"column":63},"end":{"line":10,"column":5}},"line":8}},"branchMap":{"0":{"loc":{"start":{"line":6,"column":0},"end":{"line":17,"column":1}},"type":"if","locations":[{"start":{"line":6,"column":0},"end":{"line":17,"column":1}},{"start":{"line":6,"column":0},"end":{"line":17,"column":1}}],"line":6}},"s":{"0":1,"1":1,"2":1,"3":1,"4":1,"5":0,"6":0,"7":0,"8":1,"9":1,"10":1,"11":1,"12":1},"f":{"0":0,"1":0},"b":{"0":[0,1]},"_coverageSchema":"1a1c01bbd47fc00a2c39e90264f33305004495a9","hash":"88187f692a98ca06d71b1ade7cc19dc02b5f7ae4"}
,"/Users/chrish/Desktop/RPT21/rpt21-mini-apps-2/challenge_1/data/seed.js": {"path":"/Users/chrish/Desktop/RPT21/rpt21-mini-apps-2/challenge_1/data/seed.js","statementMap":{"0":{"start":{"line":1,"column":13},"end":{"line":1,"column":33}},"1":{"start":{"line":2,"column":15},"end":{"line":2,"column":38}},"2":{"start":{"line":3,"column":17},"end":{"line":3,"column":36}},"3":{"start":{"line":5,"column":13},"end":{"line":15,"column":1}},"4":{"start":{"line":6,"column":2},"end":{"line":14,"column":3}},"5":{"start":{"line":6,"column":15},"end":{"line":6,"column":16}},"6":{"start":{"line":7,"column":4},"end":{"line":13,"column":9}},"7":{"start":{"line":9,"column":8},"end":{"line":9,"column":40}},"8":{"start":{"line":12,"column":8},"end":{"line":12,"column":36}},"9":{"start":{"line":17,"column":17},"end":{"line":27,"column":1}},"10":{"start":{"line":18,"column":2},"end":{"line":26,"column":3}},"11":{"start":{"line":18,"column":15},"end":{"line":18,"column":16}},"12":{"start":{"line":19,"column":4},"end":{"line":25,"column":9}},"13":{"start":{"line":21,"column":8},"end":{"line":21,"column":40}},"14":{"start":{"line":24,"column":8},"end":{"line":24,"column":36}},"15":{"start":{"line":29,"column":0},"end":{"line":29,"column":35}}},"fnMap":{"0":{"name":"(anonymous_0)","decl":{"start":{"line":5,"column":13},"end":{"line":5,"column":14}},"loc":{"start":{"line":5,"column":19},"end":{"line":15,"column":1}},"line":5},"1":{"name":"(anonymous_1)","decl":{"start":{"line":8,"column":12},"end":{"line":8,"column":13}},"loc":{"start":{"line":8,"column":18},"end":{"line":10,"column":7}},"line":8},"2":{"name":"(anonymous_2)","decl":{"start":{"line":11,"column":13},"end":{"line":11,"column":14}},"loc":{"start":{"line":11,"column":22},"end":{"line":13,"column":7}},"line":11},"3":{"name":"(anonymous_3)","decl":{"start":{"line":17,"column":17},"end":{"line":17,"column":18}},"loc":{"start":{"line":17,"column":23},"end":{"line":27,"column":1}},"line":17},"4":{"name":"(anonymous_4)","decl":{"start":{"line":20,"column":12},"end":{"line":20,"column":13}},"loc":{"start":{"line":20,"column":18},"end":{"line":22,"column":7}},"line":20},"5":{"name":"(anonymous_5)","decl":{"start":{"line":23,"column":13},"end":{"line":23,"column":14}},"loc":{"start":{"line":23,"column":22},"end":{"line":25,"column":7}},"line":23}},"branchMap":{},"s":{"0":1,"1":1,"2":1,"3":1,"4":0,"5":0,"6":0,"7":0,"8":0,"9":1,"10":0,"11":0,"12":0,"13":0,"14":0,"15":1},"f":{"0":0,"1":0,"2":0,"3":0,"4":0,"5":0},"b":{},"_coverageSchema":"1a1c01bbd47fc00a2c39e90264f33305004495a9","hash":"b9075b39504c71d16d01d6cd6c2584d8b808aece"}
,"/Users/chrish/Desktop/RPT21/rpt21-mini-apps-2/challenge_1/data/models/index.js": {"path":"/Users/chrish/Desktop/RPT21/rpt21-mini-apps-2/challenge_1/data/models/index.js","statementMap":{"0":{"start":{"line":1,"column":15},"end":{"line":1,"column":39}},"1":{"start":{"line":3,"column":19},"end":{"line":15,"column":1}},"2":{"start":{"line":4,"column":17},"end":{"line":4,"column":74}},"3":{"start":{"line":6,"column":2},"end":{"line":8,"column":3}},"4":{"start":{"line":7,"column":4},"end":{"line":7,"column":39}},"5":{"start":{"line":10,"column":2},"end":{"line":14,"column":5}},"6":{"start":{"line":17,"column":21},"end":{"line":19,"column":1}},"7":{"start":{"line":18,"column":2},"end":{"line":18,"column":67}},"8":{"start":{"line":21,"column":0},"end":{"line":21,"column":39}},"9":{"start":{"line":22,"column":0},"end":{"line":22,"column":43}}},"fnMap":{"0":{"name":"(anonymous_0)","decl":{"start":{"line":3,"column":19},"end":{"line":3,"column":20}},"loc":{"start":{"line":3,"column":43},"end":{"line":15,"column":1}},"line":3},"1":{"name":"(anonymous_1)","decl":{"start":{"line":17,"column":21},"end":{"line":17,"column":22}},"loc":{"start":{"line":17,"column":34},"end":{"line":19,"column":1}},"line":17}},"branchMap":{"0":{"loc":{"start":{"line":6,"column":2},"end":{"line":8,"column":3}},"type":"if","locations":[{"start":{"line":6,"column":2},"end":{"line":8,"column":3}},{"start":{"line":6,"column":2},"end":{"line":8,"column":3}}],"line":6}},"s":{"0":1,"1":1,"2":1,"3":1,"4":0,"5":1,"6":1,"7":1,"8":1,"9":1},"f":{"0":1,"1":1},"b":{"0":[0,1]},"_coverageSchema":"1a1c01bbd47fc00a2c39e90264f33305004495a9","hash":"6b9ce44907bed3f1a5e2031f98548d7ccaac8c82"}
,"/Users/chrish/Desktop/RPT21/rpt21-mini-apps-2/challenge_1/server/app.js": {"path":"/Users/chrish/Desktop/RPT21/rpt21-mini-apps-2/challenge_1/server/app.js","statementMap":{"0":{"start":{"line":1,"column":16},"end":{"line":1,"column":34}},"1":{"start":{"line":2,"column":12},"end":{"line":2,"column":21}},"2":{"start":{"line":3,"column":19},"end":{"line":3,"column":41}},"3":{"start":{"line":4,"column":15},"end":{"line":4,"column":49}},"4":{"start":{"line":5,"column":13},"end":{"line":5,"column":39}},"5":{"start":{"line":7,"column":0},"end":{"line":10,"column":1}},"6":{"start":{"line":8,"column":2},"end":{"line":8,"column":29}},"7":{"start":{"line":9,"column":2},"end":{"line":9,"column":18}},"8":{"start":{"line":12,"column":0},"end":{"line":12,"column":34}},"9":{"start":{"line":13,"column":0},"end":{"line":13,"column":51}},"10":{"start":{"line":14,"column":0},"end":{"line":14,"column":27}},"11":{"start":{"line":16,"column":0},"end":{"line":36,"column":3}},"12":{"start":{"line":17,"column":15},"end":{"line":17,"column":29}},"13":{"start":{"line":18,"column":16},"end":{"line":18,"column":31}},"14":{"start":{"line":19,"column":16},"end":{"line":19,"column":38}},"15":{"start":{"line":21,"column":2},"end":{"line":35,"column":3}},"16":{"start":{"line":22,"column":4},"end":{"line":24,"column":71}},"17":{"start":{"line":26,"column":17},"end":{"line":26,"column":54}},"18":{"start":{"line":28,"column":4},"end":{"line":34,"column":9}},"19":{"start":{"line":30,"column":8},"end":{"line":30,"column":23}},"20":{"start":{"line":33,"column":8},"end":{"line":33,"column":62}},"21":{"start":{"line":38,"column":0},"end":{"line":51,"column":3}},"22":{"start":{"line":39,"column":15},"end":{"line":41,"column":4}},"23":{"start":{"line":40,"column":4},"end":{"line":40,"column":49}},"24":{"start":{"line":43,"column":2},"end":{"line":50,"column":7}},"25":{"start":{"line":45,"column":6},"end":{"line":45,"column":50}},"26":{"start":{"line":46,"column":6},"end":{"line":46,"column":26}},"27":{"start":{"line":49,"column":6},"end":{"line":49,"column":60}},"28":{"start":{"line":53,"column":0},"end":{"line":53,"column":21}}},"fnMap":{"0":{"name":"(anonymous_0)","decl":{"start":{"line":16,"column":19},"end":{"line":16,"column":20}},"loc":{"start":{"line":16,"column":33},"end":{"line":36,"column":1}},"line":16},"1":{"name":"(anonymous_1)","decl":{"start":{"line":29,"column":12},"end":{"line":29,"column":13}},"loc":{"start":{"line":29,"column":22},"end":{"line":31,"column":7}},"line":29},"2":{"name":"(anonymous_2)","decl":{"start":{"line":32,"column":13},"end":{"line":32,"column":14}},"loc":{"start":{"line":32,"column":22},"end":{"line":34,"column":7}},"line":32},"3":{"name":"(anonymous_3)","decl":{"start":{"line":38,"column":19},"end":{"line":38,"column":20}},"loc":{"start":{"line":38,"column":33},"end":{"line":51,"column":1}},"line":38},"4":{"name":"(anonymous_4)","decl":{"start":{"line":39,"column":28},"end":{"line":39,"column":29}},"loc":{"start":{"line":39,"column":39},"end":{"line":41,"column":3}},"line":39},"5":{"name":"(anonymous_5)","decl":{"start":{"line":44,"column":10},"end":{"line":44,"column":11}},"loc":{"start":{"line":44,"column":25},"end":{"line":47,"column":5}},"line":44},"6":{"name":"(anonymous_6)","decl":{"start":{"line":48,"column":11},"end":{"line":48,"column":12}},"loc":{"start":{"line":48,"column":20},"end":{"line":50,"column":5}},"line":48}},"branchMap":{"0":{"loc":{"start":{"line":7,"column":0},"end":{"line":10,"column":1}},"type":"if","locations":[{"start":{"line":7,"column":0},"end":{"line":10,"column":1}},{"start":{"line":7,"column":0},"end":{"line":10,"column":1}}],"line":7},"1":{"loc":{"start":{"line":21,"column":2},"end":{"line":35,"column":3}},"type":"if","locations":[{"start":{"line":21,"column":2},"end":{"line":35,"column":3}},{"start":{"line":21,"column":2},"end":{"line":35,"column":3}}],"line":21},"2":{"loc":{"start":{"line":21,"column":6},"end":{"line":21,"column":31}},"type":"binary-expr","locations":[{"start":{"line":21,"column":6},"end":{"line":21,"column":11}},{"start":{"line":21,"column":15},"end":{"line":21,"column":21}},{"start":{"line":21,"column":25},"end":{"line":21,"column":31}}],"line":21}},"s":{"0":1,"1":1,"2":1,"3":1,"4":1,"5":1,"6":0,"7":0,"8":1,"9":1,"10":1,"11":1,"12":2,"13":2,"14":2,"15":2,"16":1,"17":1,"18":1,"19":1,"20":0,"21":1,"22":1,"23":1,"24":1,"25":1,"26":1,"27":0,"28":1},"f":{"0":2,"1":1,"2":0,"3":1,"4":1,"5":1,"6":0},"b":{"0":[0,1],"1":[1,1],"2":[2,1,1]},"_coverageSchema":"1a1c01bbd47fc00a2c39e90264f33305004495a9","hash":"01b06cb5c5b496bc2cfb56895a6cf954b9247876"}
}
