TN:
SF:client/src/components/Title.jsx
FN:4,(anonymous_0)
FNF:1
FNH:1
FNDA:6,(anonymous_0)
DA:4,1
DA:5,6
LF:2
LH:2
BRF:0
BRH:0
end_of_record
TN:
SF:client/src/components/App/App.css.js
FNF:0
FNH:0
DA:4,1
DA:78,1
DA:89,1
LF:3
LH:3
BRF:0
BRH:0
end_of_record
TN:
SF:client/src/components/App/App.jsx
FN:21,(anonymous_0)
FN:31,(anonymous_1)
FN:37,(anonymous_2)
FN:48,(anonymous_3)
FN:58,(anonymous_4)
FN:63,(anonymous_5)
FN:67,(anonymous_6)
FN:72,(anonymous_7)
FN:74,(anonymous_8)
FN:80,(anonymous_9)
FN:81,(anonymous_10)
FN:86,(anonymous_11)
FN:90,(anonymous_12)
FN:91,(anonymous_13)
FNF:14
FNH:3
FNDA:10,(anonymous_0)
FNDA:0,(anonymous_1)
FNDA:0,(anonymous_2)
FNDA:0,(anonymous_3)
FNDA:0,(anonymous_4)
FNDA:0,(anonymous_5)
FNDA:0,(anonymous_6)
FNDA:0,(anonymous_7)
FNDA:0,(anonymous_8)
FNDA:0,(anonymous_9)
FNDA:0,(anonymous_10)
FNDA:0,(anonymous_11)
FNDA:13,(anonymous_12)
FNDA:3,(anonymous_13)
DA:11,1
DA:22,10
DA:23,10
DA:24,10
DA:25,10
DA:26,10
DA:27,10
DA:28,10
DA:32,0
DA:34,0
DA:35,0
DA:38,0
DA:40,0
DA:49,0
DA:50,0
DA:52,0
DA:59,0
DA:61,0
DA:64,0
DA:65,0
DA:68,0
DA:73,0
DA:74,0
DA:75,0
DA:81,0
DA:82,0
DA:87,0
DA:91,13
DA:92,3
DA:95,13
LF:30
LH:11
BRDA:31,0,0,0
BRDA:34,1,0,0
BRDA:34,1,1,0
BRDA:49,2,0,0
BRDA:49,2,1,0
BRDA:73,3,0,0
BRDA:73,3,1,0
BRDA:100,4,0,13
BRDA:100,4,1,0
BRDA:103,5,0,13
BRDA:103,5,1,2
BRDA:112,6,0,13
BRDA:112,6,1,11
BRDA:122,7,0,13
BRDA:122,7,1,1
BRF:15
BRH:7
end_of_record
TN:
SF:client/src/components/Edit/Edit.css.js
FNF:0
FNH:0
DA:3,2
DA:11,2
DA:18,2
DA:27,2
LF:4
LH:4
BRF:0
BRH:0
end_of_record
TN:
SF:client/src/components/Edit/Edit.jsx
FN:13,(anonymous_0)
FN:22,(anonymous_1)
FN:28,(anonymous_2)
FN:36,(anonymous_3)
FN:45,(anonymous_4)
FN:51,(anonymous_5)
FN:53,(anonymous_6)
FNF:7
FNH:3
FNDA:2,(anonymous_0)
FNDA:0,(anonymous_1)
FNDA:0,(anonymous_2)
FNDA:0,(anonymous_3)
FNDA:2,(anonymous_4)
FNDA:4,(anonymous_5)
FNDA:0,(anonymous_6)
DA:14,2
DA:15,2
DA:18,2
DA:19,2
DA:23,0
DA:25,0
DA:29,0
DA:30,0
DA:31,0
DA:32,0
DA:33,0
DA:34,0
DA:36,0
DA:37,0
DA:38,0
DA:40,0
DA:42,0
DA:46,2
DA:52,4
DA:53,4
DA:54,0
DA:75,4
DA:86,2
LF:23
LH:9
BRDA:37,0,0,0
BRDA:37,0,1,0
BRF:2
BRH:0
end_of_record
TN:
SF:client/src/components/List/List.css.js
FNF:0
FNH:0
DA:4,3
DA:13,3
DA:18,3
DA:22,3
DA:36,3
DA:43,3
LF:6
LH:6
BRF:0
BRH:0
end_of_record
TN:
SF:client/src/components/List/List.jsx
FN:14,(anonymous_0)
FN:15,(anonymous_1)
FN:28,(anonymous_2)
FNF:3
FNH:2
FNDA:4,(anonymous_0)
FNDA:3,(anonymous_1)
FNDA:0,(anonymous_2)
DA:14,2
DA:15,4
DA:16,3
DA:23,4
DA:28,0
DA:38,2
LF:6
LH:5
BRDA:25,0,0,4
BRDA:25,0,1,0
BRF:2
BRH:1
end_of_record
TN:
SF:client/src/components/ListItem/ListItem.css.js
FNF:0
FNH:0
DA:4,3
DA:12,3
DA:16,3
DA:21,3
LF:4
LH:4
BRF:0
BRH:0
end_of_record
TN:
SF:client/src/components/ListItem/ListItem.jsx
FN:11,(anonymous_0)
FNF:1
FNH:1
FNDA:4,(anonymous_0)
DA:11,3
DA:12,4
DA:22,3
LF:3
LH:3
BRF:0
BRH:0
end_of_record
TN:
SF:client/src/components/Search/Search.css.js
FNF:0
FNH:0
DA:4,2
DA:14,2
LF:2
LH:2
BRF:0
BRH:0
end_of_record
TN:
SF:client/src/components/Search/Search.jsx
FN:7,(anonymous_0)
FN:16,(anonymous_1)
FN:20,(anonymous_2)
FN:26,(anonymous_3)
FNF:4
FNH:2
FNDA:4,(anonymous_0)
FNDA:0,(anonymous_1)
FNDA:0,(anonymous_2)
FNDA:7,(anonymous_3)
DA:8,4
DA:9,4
DA:12,4
DA:13,4
DA:17,0
DA:21,0
DA:22,0
DA:23,0
DA:27,7
DA:44,2
LF:10
LH:6
BRF:0
BRH:0
end_of_record
TN:
SF:testUtils/utils.js
FN:3,(anonymous_0)
FN:8,(anonymous_1)
FNF:2
FNH:2
FNDA:3,(anonymous_0)
FNDA:4,(anonymous_1)
DA:3,5
DA:4,3
DA:5,3
DA:8,5
DA:9,4
DA:15,4
LF:6
LH:6
BRF:0
BRH:0
end_of_record
