{"/Users/chrish/Desktop/RPT21/rpt21-mini-apps-2/challenge_2/testUtils.js": {"path":"/Users/chrish/Desktop/RPT21/rpt21-mini-apps-2/challenge_2/testUtils.js","statementMap":{"0":{"start":{"line":3,"column":26},"end":{"line":11,"column":1}},"1":{"start":{"line":4,"column":21},"end":{"line":9,"column":3}},"2":{"start":{"line":10,"column":2},"end":{"line":10,"column":20}}},"fnMap":{"0":{"name":"(anonymous_0)","decl":{"start":{"line":3,"column":26},"end":{"line":3,"column":27}},"loc":{"start":{"line":3,"column":56},"end":{"line":11,"column":1}},"line":3}},"branchMap":{},"s":{"0":1,"1":2,"2":2},"f":{"0":2},"b":{},"_coverageSchema":"1a1c01bbd47fc00a2c39e90264f33305004495a9","hash":"63a3a05b4964cffd98e35868a016ff61ad390bb4"}
,"/Users/chrish/Desktop/RPT21/rpt21-mini-apps-2/challenge_2/client/src/styles.js": {"path":"/Users/chrish/Desktop/RPT21/rpt21-mini-apps-2/challenge_2/client/src/styles.js","statementMap":{"0":{"start":{"line":4,"column":27},"end":{"line":23,"column":1}},"1":{"start":{"line":25,"column":32},"end":{"line":32,"column":1}},"2":{"start":{"line":34,"column":24},"end":{"line":37,"column":1}},"3":{"start":{"line":40,"column":26},"end":{"line":46,"column":1}},"4":{"start":{"line":48,"column":27},"end":{"line":55,"column":1}},"5":{"start":{"line":57,"column":28},"end":{"line":71,"column":1}},"6":{"start":{"line":74,"column":34},"end":{"line":77,"column":1}},"7":{"start":{"line":79,"column":23},"end":{"line":83,"column":1}}},"fnMap":{},"branchMap":{},"s":{"0":2,"1":2,"2":2,"3":2,"4":2,"5":2,"6":2,"7":2},"f":{},"b":{},"_coverageSchema":"1a1c01bbd47fc00a2c39e90264f33305004495a9","hash":"f883c313565d960620fa139bafddf34d2b24cb92"}
,"/Users/chrish/Desktop/RPT21/rpt21-mini-apps-2/challenge_2/client/src/components/App.jsx": {"path":"/Users/chrish/Desktop/RPT21/rpt21-mini-apps-2/challenge_2/client/src/components/App.jsx","statementMap":{"0":{"start":{"line":11,"column":4},"end":{"line":11,"column":17}},"1":{"start":{"line":12,"column":4},"end":{"line":14,"column":6}},"2":{"start":{"line":15,"column":4},"end":{"line":15,"column":47}},"3":{"start":{"line":19,"column":21},"end":{"line":19,"column":85}},"4":{"start":{"line":21,"column":4},"end":{"line":33,"column":9}},"5":{"start":{"line":24,"column":8},"end":{"line":28,"column":9}},"6":{"start":{"line":25,"column":10},"end":{"line":25,"column":30}},"7":{"start":{"line":27,"column":10},"end":{"line":27,"column":49}},"8":{"start":{"line":31,"column":8},"end":{"line":31,"column":19}},"9":{"start":{"line":32,"column":8},"end":{"line":32,"column":18}},"10":{"start":{"line":37,"column":4},"end":{"line":37,"column":21}},"11":{"start":{"line":41,"column":4},"end":{"line":54,"column":6}}},"fnMap":{"0":{"name":"(anonymous_0)","decl":{"start":{"line":10,"column":2},"end":{"line":10,"column":3}},"loc":{"start":{"line":10,"column":21},"end":{"line":16,"column":3}},"line":10},"1":{"name":"(anonymous_1)","decl":{"start":{"line":18,"column":2},"end":{"line":18,"column":3}},"loc":{"start":{"line":18,"column":62},"end":{"line":34,"column":3}},"line":18},"2":{"name":"(anonymous_2)","decl":{"start":{"line":23,"column":12},"end":{"line":23,"column":13}},"loc":{"start":{"line":23,"column":26},"end":{"line":29,"column":7}},"line":23},"3":{"name":"(anonymous_3)","decl":{"start":{"line":30,"column":13},"end":{"line":30,"column":14}},"loc":{"start":{"line":30,"column":22},"end":{"line":33,"column":7}},"line":30},"4":{"name":"(anonymous_4)","decl":{"start":{"line":36,"column":2},"end":{"line":36,"column":3}},"loc":{"start":{"line":36,"column":22},"end":{"line":38,"column":3}},"line":36},"5":{"name":"(anonymous_5)","decl":{"start":{"line":40,"column":2},"end":{"line":40,"column":3}},"loc":{"start":{"line":40,"column":11},"end":{"line":55,"column":3}},"line":40}},"branchMap":{"0":{"loc":{"start":{"line":18,"column":12},"end":{"line":18,"column":36}},"type":"default-arg","locations":[{"start":{"line":18,"column":24},"end":{"line":18,"column":36}}],"line":18},"1":{"loc":{"start":{"line":18,"column":38},"end":{"line":18,"column":60}},"type":"default-arg","locations":[{"start":{"line":18,"column":48},"end":{"line":18,"column":60}}],"line":18},"2":{"loc":{"start":{"line":24,"column":8},"end":{"line":28,"column":9}},"type":"if","locations":[{"start":{"line":24,"column":8},"end":{"line":28,"column":9}},{"start":{"line":24,"column":8},"end":{"line":28,"column":9}}],"line":24},"3":{"loc":{"start":{"line":46,"column":9},"end":{"line":52,"column":9}},"type":"binary-expr","locations":[{"start":{"line":46,"column":9},"end":{"line":46,"column":46}},{"start":{"line":47,"column":10},"end":{"line":51,"column":12}}],"line":46}},"s":{"0":2,"1":2,"2":2,"3":2,"4":2,"5":2,"6":0,"7":2,"8":0,"9":0,"10":2,"11":5},"f":{"0":2,"1":2,"2":2,"3":0,"4":2,"5":5},"b":{"0":[2],"1":[2],"2":[0,2],"3":[5,1]},"_coverageSchema":"1a1c01bbd47fc00a2c39e90264f33305004495a9","hash":"c8020a48e5eaca2bbb9f9eb6b9be17c6aad8e936"}
,"/Users/chrish/Desktop/RPT21/rpt21-mini-apps-2/challenge_2/client/src/components/CryptoChart.jsx": {"path":"/Users/chrish/Desktop/RPT21/rpt21-mini-apps-2/challenge_2/client/src/components/CryptoChart.jsx","statementMap":{"0":{"start":{"line":9,"column":4},"end":{"line":9,"column":17}},"1":{"start":{"line":10,"column":4},"end":{"line":10,"column":20}},"2":{"start":{"line":11,"column":4},"end":{"line":11,"column":39}},"3":{"start":{"line":12,"column":4},"end":{"line":12,"column":47}},"4":{"start":{"line":16,"column":16},"end":{"line":16,"column":38}},"5":{"start":{"line":17,"column":19},"end":{"line":17,"column":46}},"6":{"start":{"line":18,"column":17},"end":{"line":18,"column":46}},"7":{"start":{"line":20,"column":4},"end":{"line":20,"column":63}},"8":{"start":{"line":21,"column":4},"end":{"line":21,"column":57}},"9":{"start":{"line":22,"column":4},"end":{"line":22,"column":63}},"10":{"start":{"line":23,"column":4},"end":{"line":23,"column":52}},"11":{"start":{"line":24,"column":4},"end":{"line":24,"column":55}},"12":{"start":{"line":26,"column":20},"end":{"line":68,"column":6}},"13":{"start":{"line":72,"column":4},"end":{"line":72,"column":21}},"14":{"start":{"line":76,"column":4},"end":{"line":78,"column":5}},"15":{"start":{"line":77,"column":6},"end":{"line":77,"column":23}},"16":{"start":{"line":82,"column":4},"end":{"line":87,"column":6}},"17":{"start":{"line":91,"column":0},"end":{"line":94,"column":2}}},"fnMap":{"0":{"name":"(anonymous_0)","decl":{"start":{"line":8,"column":2},"end":{"line":8,"column":3}},"loc":{"start":{"line":8,"column":21},"end":{"line":13,"column":3}},"line":8},"1":{"name":"(anonymous_1)","decl":{"start":{"line":15,"column":2},"end":{"line":15,"column":3}},"loc":{"start":{"line":15,"column":14},"end":{"line":69,"column":3}},"line":15},"2":{"name":"(anonymous_2)","decl":{"start":{"line":71,"column":2},"end":{"line":71,"column":3}},"loc":{"start":{"line":71,"column":22},"end":{"line":73,"column":3}},"line":71},"3":{"name":"(anonymous_3)","decl":{"start":{"line":75,"column":2},"end":{"line":75,"column":3}},"loc":{"start":{"line":75,"column":32},"end":{"line":79,"column":3}},"line":75},"4":{"name":"(anonymous_4)","decl":{"start":{"line":81,"column":2},"end":{"line":81,"column":3}},"loc":{"start":{"line":81,"column":11},"end":{"line":88,"column":3}},"line":81}},"branchMap":{"0":{"loc":{"start":{"line":76,"column":4},"end":{"line":78,"column":5}},"type":"if","locations":[{"start":{"line":76,"column":4},"end":{"line":78,"column":5}},{"start":{"line":76,"column":4},"end":{"line":78,"column":5}}],"line":76}},"s":{"0":0,"1":0,"2":0,"3":0,"4":0,"5":0,"6":0,"7":0,"8":0,"9":0,"10":0,"11":0,"12":0,"13":0,"14":0,"15":0,"16":0,"17":2},"f":{"0":0,"1":0,"2":0,"3":0,"4":0},"b":{"0":[0,0]},"_coverageSchema":"1a1c01bbd47fc00a2c39e90264f33305004495a9","hash":"b97f0618859998a8fe813bb726a7fa929cbe62c5"}
,"/Users/chrish/Desktop/RPT21/rpt21-mini-apps-2/challenge_2/client/src/components/RangeInput.jsx": {"path":"/Users/chrish/Desktop/RPT21/rpt21-mini-apps-2/challenge_2/client/src/components/RangeInput.jsx","statementMap":{"0":{"start":{"line":9,"column":4},"end":{"line":9,"column":17}},"1":{"start":{"line":10,"column":4},"end":{"line":13,"column":6}},"2":{"start":{"line":14,"column":4},"end":{"line":14,"column":53}},"3":{"start":{"line":15,"column":4},"end":{"line":15,"column":53}},"4":{"start":{"line":19,"column":23},"end":{"line":19,"column":72}},"5":{"start":{"line":20,"column":4},"end":{"line":20,"column":28}},"6":{"start":{"line":22,"column":4},"end":{"line":22,"column":59}},"7":{"start":{"line":26,"column":4},"end":{"line":26,"column":23}},"8":{"start":{"line":27,"column":18},"end":{"line":27,"column":63}},"9":{"start":{"line":28,"column":16},"end":{"line":28,"column":59}},"10":{"start":{"line":30,"column":4},"end":{"line":30,"column":36}},"11":{"start":{"line":34,"column":4},"end":{"line":53,"column":6}},"12":{"start":{"line":57,"column":0},"end":{"line":59,"column":2}}},"fnMap":{"0":{"name":"(anonymous_0)","decl":{"start":{"line":8,"column":2},"end":{"line":8,"column":3}},"loc":{"start":{"line":8,"column":21},"end":{"line":16,"column":3}},"line":8},"1":{"name":"(anonymous_1)","decl":{"start":{"line":18,"column":2},"end":{"line":18,"column":3}},"loc":{"start":{"line":18,"column":18},"end":{"line":23,"column":3}},"line":18},"2":{"name":"(anonymous_2)","decl":{"start":{"line":25,"column":2},"end":{"line":25,"column":3}},"loc":{"start":{"line":25,"column":18},"end":{"line":31,"column":3}},"line":25},"3":{"name":"(anonymous_3)","decl":{"start":{"line":33,"column":2},"end":{"line":33,"column":3}},"loc":{"start":{"line":33,"column":11},"end":{"line":54,"column":3}},"line":33}},"branchMap":{},"s":{"0":1,"1":1,"2":1,"3":1,"4":0,"5":0,"6":0,"7":0,"8":0,"9":0,"10":0,"11":2,"12":2},"f":{"0":1,"1":0,"2":0,"3":2},"b":{},"_coverageSchema":"1a1c01bbd47fc00a2c39e90264f33305004495a9","hash":"917e4a9620ae3b3ea7bb531834f7509fe9b0b2a0"}
}
