TN:
SF:testUtils.js
FN:3,(anonymous_0)
FNF:1
FNH:1
FNDA:2,(anonymous_0)
DA:3,1
DA:4,2
DA:10,2
LF:3
LH:3
BRF:0
BRH:0
end_of_record
TN:
SF:client/src/styles.js
FNF:0
FNH:0
DA:4,2
DA:25,2
DA:34,2
DA:40,2
DA:48,2
DA:57,2
DA:74,2
DA:79,2
LF:8
LH:8
BRF:0
BRH:0
end_of_record
TN:
SF:client/src/components/App.jsx
FN:10,(anonymous_0)
FN:18,(anonymous_1)
FN:23,(anonymous_2)
FN:30,(anonymous_3)
FN:36,(anonymous_4)
FN:40,(anonymous_5)
FNF:6
FNH:5
FNDA:2,(anonymous_0)
FNDA:2,(anonymous_1)
FNDA:2,(anonymous_2)
FNDA:0,(anonymous_3)
FNDA:2,(anonymous_4)
FNDA:5,(anonymous_5)
DA:11,2
DA:12,2
DA:15,2
DA:19,2
DA:21,2
DA:24,2
DA:25,0
DA:27,2
DA:31,0
DA:32,0
DA:37,2
DA:41,5
LF:12
LH:9
BRDA:18,0,0,2
BRDA:18,1,0,2
BRDA:24,2,0,0
BRDA:24,2,1,2
BRDA:46,3,0,5
BRDA:46,3,1,1
BRF:6
BRH:5
end_of_record
TN:
SF:client/src/components/CryptoChart.jsx
FN:8,(anonymous_0)
FN:15,(anonymous_1)
FN:71,(anonymous_2)
FN:75,(anonymous_3)
FN:81,(anonymous_4)
FNF:5
FNH:0
FNDA:0,(anonymous_0)
FNDA:0,(anonymous_1)
FNDA:0,(anonymous_2)
FNDA:0,(anonymous_3)
FNDA:0,(anonymous_4)
DA:9,0
DA:10,0
DA:11,0
DA:12,0
DA:16,0
DA:17,0
DA:18,0
DA:20,0
DA:21,0
DA:22,0
DA:23,0
DA:24,0
DA:26,0
DA:72,0
DA:76,0
DA:77,0
DA:82,0
DA:91,2
LF:18
LH:1
BRDA:76,0,0,0
BRDA:76,0,1,0
BRF:2
BRH:0
end_of_record
TN:
SF:client/src/components/RangeInput.jsx
FN:8,(anonymous_0)
FN:18,(anonymous_1)
FN:25,(anonymous_2)
FN:33,(anonymous_3)
FNF:4
FNH:2
FNDA:1,(anonymous_0)
FNDA:0,(anonymous_1)
FNDA:0,(anonymous_2)
FNDA:2,(anonymous_3)
DA:9,1
DA:10,1
DA:14,1
DA:15,1
DA:19,0
DA:20,0
DA:22,0
DA:26,0
DA:27,0
DA:28,0
DA:30,0
DA:34,2
DA:57,2
LF:13
LH:6
BRF:0
BRH:0
end_of_record
